1511919794272:help
1511919804359:add 1 2
1511919861988:exit
1511919922779:help
1511919928666:add 1 2
1511920096477:exit
1511920122341:help
1511920134944:add 1 2
1511920148431:add e 3
1511920472098:exit
1511920803574:help
1511920806141:help add
1511921230980:exit
1511922992927:add 1 5
1511927878652:exit
1511928303879:help
1511928306967:help add
1511928367644:exit
1511928714162:help
1511928921811:exit
1511929651670:help
1511929697075:exit
1511929713949:help
1511929735994:exit
1511931629636:add
1511931632210:help
1511931635178:add 1 5
1511931669617:exit
1511931688762:add 1 5
1511931718415:exit
1511931757864:add 1 5
1511931917689:exit
